Build started 03.06.2018 19:32:31.
     1>Project "C:\Users\User.WIN-R720AVM79PA\Documents\Visual Studio 2013\Projects\C++\test\test\test.vcxproj" on node 2 (Build target(s)).
     1>ClCompile:
         G:\Program Files\Microsoft Visual Studio 12.0\VC\bin\CL.exe /c /ZI /nologo /W3 /WX- /sdl /Od /Oy- /D WIN32 /D _DEBUG /D _CONSOLE /D _LIB /D _CRT_SECURE_NO_WARNINGS /D _UNICODE /D UNICODE /Gm /EHsc /RTC1 /MDd /GS /fp:precise /Zc:wchar_t /Zc:forScope /Yu"stdafx.h" /Fp"Debug\test.pch" /Fo"Debug\\" /Fd"Debug\vc120.pdb" /Gd /TP /analyze- /errorReport:prompt test.cpp
         test.cpp
     1>c:\users\user.win-r720avm79pa\documents\visual studio 2013\projects\c++\test\test\test.cpp(1): warning C4005: '_CRT_SECURE_NO_WARNINGS' : macro redefinition
                 command-line arguments :  see previous definition of '_CRT_SECURE_NO_WARNINGS'
     1>c:\users\user.win-r720avm79pa\documents\visual studio 2013\projects\c++\test\test\test.cpp(1): warning C4603: '_CRT_SECURE_NO_WARNINGS' : macro is not defined or definition is different after precompiled header use
                 Add macro to precompiled header instead of defining here
                 c:\users\user.win-r720avm79pa\documents\visual studio 2013\projects\c++\test\test\test.cpp(2) : use of precompiled header
     1>c:\users\user.win-r720avm79pa\documents\visual studio 2013\projects\c++\test\test\test.cpp(13): error C4700: uninitialized local variable 'c' used
     1>c:\users\user.win-r720avm79pa\documents\visual studio 2013\projects\c++\test\test\test.cpp(13): error C4700: uninitialized local variable 'b' used
     1>c:\users\user.win-r720avm79pa\documents\visual studio 2013\projects\c++\test\test\test.cpp(13): error C4700: uninitialized local variable 'a' used
     1>Done Building Project "C:\Users\User.WIN-R720AVM79PA\Documents\Visual Studio 2013\Projects\C++\test\test\test.vcxproj" (Build target(s)) -- FAILED.

Build FAILED.

Time Elapsed 00:00:00.34
